#
# There is insufficient memory for the Java Runtime Environment to continue.
# Native memory allocation (mmap) failed to map 132120576 bytes for G1 virtual space
# Possible reasons:
#   The system is out of physical RAM or swap space
#   The process is running with CompressedOops enabled, and the Java Heap may be blocking the growth of the native heap
# Possible solutions:
#   Reduce memory load on the system
#   Increase physical memory or swap space
#   Check if swap backing store is full
#   Decrease Java heap size (-Xmx/-Xms)
#   Decrease number of Java threads
#   Decrease Java thread stack sizes (-Xss)
#   Set larger code cache with -XX:ReservedCodeCacheSize=
#   JVM is running with Unscaled Compressed Oops mode in which the Java heap is
#     placed in the first 4GB address space. The Java Heap base address is the
#     maximum limit for the native heap growth. Please use -XX:HeapBaseMinAddress
#     to set the Java Heap base and to place the Java Heap above 4GB virtual address.
# This output file may be truncated or incomplete.
#
#  Out of Memory Error (os_windows.cpp:3753), pid=2832, tid=5556
#
# JRE version:  (17.0.4.1+7) (build )
# Java VM: OpenJDK 64-Bit Server VM (17.0.4.1+7-b469.62, mixed mode, sharing, tiered, compressed oops, compressed class ptrs, g1 gc, windows-amd64)
# No core dump will be written. Minidumps are not enabled by default on client versions of Windows
#

---------------  S U M M A R Y ------------

Command Line: git4idea.http.GitAskPassApp Username for 'https://github.com': 

Host: Intel(R) Core(TM) i7-10510U CPU @ 1.80GHz, 8 cores, 7G,  Windows 11 , 64 bit Build 22621 (10.0.22621.3672)
Time: Fri Jul 26 21:47:50 2024 India Standard Time elapsed time: 0.008792 seconds (0d 0h 0m 0s)

---------------  T H R E A D  ---------------

Current thread (0x000002a8ffce7800):  JavaThread "Unknown thread" [_thread_in_vm, id=5556, stack(0x000000b759700000,0x000000b759800000)]

Stack: [0x000000b759700000,0x000000b759800000]
Native frames: (J=compiled Java code, j=interpreted, Vv=VM code, C=native code)
V  [jvm.dll+0x68356a]
V  [jvm.dll+0x83fab4]
V  [jvm.dll+0x84125e]
V  [jvm.dll+0x8418c3]
V  [jvm.dll+0x249735]
V  [jvm.dll+0x680439]
V  [jvm.dll+0x674a7a]
V  [jvm.dll+0x30956b]
V  [jvm.dll+0x310a26]
V  [jvm.dll+0x36089e]
V  [jvm.dll+0x360acf]
V  [jvm.dll+0x2df658]
V  [jvm.dll+0x2e05c4]
V  [jvm.dll+0x8112a1]
V  [jvm.dll+0x36e6f1]
V  [jvm.dll+0x7f076c]
V  [jvm.dll+0x3f180f]
V  [jvm.dll+0x3f3351]
C  [jli.dll+0x526b]
C  [ucrtbase.dll+0x29333]
C  [KERNEL32.DLL+0x1257d]
C  [ntdll.dll+0x5af28]


---------------  P R O C E S S  ---------------

Threads class SMR info:
_java_thread_list=0x00007ffa519b7f58, length=0, elements={
}

Java Threads: ( => current thread )

Other Threads:
  0x000002a8ffd414d0 GCTaskThread "GC Thread#0" [stack: 0x000000b759800000,0x000000b759900000] [id=13996]
  0x000002a8ffd51cd0 ConcurrentGCThread "G1 Main Marker" [stack: 0x000000b759900000,0x000000b759a00000] [id=1900]
  0x000002a8ffd54e90 ConcurrentGCThread "G1 Conc#0" [stack: 0x000000b759a00000,0x000000b759b00000] [id=4732]

[error occurred during error reporting (printing all threads), id 0xc0000005, EXCEPTION_ACCESS_VIOLATION (0xc0000005) at pc=0x00007ffa51170217]

VM state: not at safepoint (not fully initialized)

VM Mutex/Monitor currently owned by a thread:  ([mutex/lock_event])
[0x000002a8ffce1a90] Heap_lock - owner thread: 0x000002a8ffce7800

Heap address: 0x0000000083a00000, size: 1990 MB, Compressed Oops mode: 32-bit

CDS archive(s) mapped at: [0x0000000000000000-0x0000000000000000-0x0000000000000000), size 0, SharedBaseAddress: 0x0000000800000000, ArchiveRelocationMode: 0.
Narrow klass base: 0x0000000000000000, Narrow klass shift: 0, Narrow klass range: 0x0

GC Precious Log:
<Empty>

Heap:
 garbage-first heap   total 0K, used 0K [0x0000000083a00000, 0x0000000100000000)
  region size 1024K, 0 young (0K), 0 survivors (0K)

[error occurred during error reporting (printing heap information), id 0xc0000005, EXCEPTION_ACCESS_VIOLATION (0xc0000005) at pc=0x00007ffa5155d1f9]

GC Heap History (0 events):
No events

Deoptimization events (0 events):
No events

Classes unloaded (0 events):
No events

Classes redefined (0 events):
No events

Internal exceptions (0 events):
No events

VM Operations (0 events):
No events

Events (1 events):
Event: 0.006 Loaded shared library C:\Program Files\JetBrains\PyCharm Edu 2022.2.2\jbr\bin\java.dll


Dynamic libraries:
0x00007ff78ad10000 - 0x00007ff78ad1a000 	C:\Program Files\JetBrains\PyCharm Edu 2022.2.2\jbr\bin\java.exe
0x00007ffaa06f0000 - 0x00007ffaa0907000 	C:\WINDOWS\SYSTEM32\ntdll.dll
0x00007ffa9f3d0000 - 0x00007ffa9f494000 	C:\WINDOWS\System32\KERNEL32.DLL
0x00007ffa9de20000 - 0x00007ffa9e1cd000 	C:\WINDOWS\System32\KERNELBASE.dll
0x00007ffa9da20000 - 0x00007ffa9db31000 	C:\WINDOWS\System32\ucrtbase.dll
0x00007ffa884b0000 - 0x00007ffa884c7000 	C:\Program Files\JetBrains\PyCharm Edu 2022.2.2\jbr\bin\jli.dll
0x00007ffa820d0000 - 0x00007ffa820eb000 	C:\Program Files\JetBrains\PyCharm Edu 2022.2.2\jbr\bin\VCRUNTIME140.dll
0x00007ffa9e430000 - 0x00007ffa9e5de000 	C:\WINDOWS\System32\USER32.dll
0x00007ffa80b00000 - 0x00007ffa80d93000 	C:\WINDOWS\WinSxS\amd64_microsoft.windows.common-controls_6595b64144ccf1df_6.0.22621.3672_none_2713b9d173822955\COMCTL32.dll
0x00007ffa9dcd0000 - 0x00007ffa9dcf6000 	C:\WINDOWS\System32\win32u.dll
0x00007ffa9e8d0000 - 0x00007ffa9e977000 	C:\WINDOWS\System32\msvcrt.dll
0x00007ffa9e5e0000 - 0x00007ffa9e609000 	C:\WINDOWS\System32\GDI32.dll
0x00007ffa9dd00000 - 0x00007ffa9de19000 	C:\WINDOWS\System32\gdi32full.dll
0x00007ffa9dbb0000 - 0x00007ffa9dc4a000 	C:\WINDOWS\System32\msvcp_win.dll
0x00007ffaa0000000 - 0x00007ffaa0031000 	C:\WINDOWS\System32\IMM32.DLL
0x00007ffa990f0000 - 0x00007ffa990fc000 	C:\Program Files\JetBrains\PyCharm Edu 2022.2.2\jbr\bin\vcruntime140_1.dll
0x00007ffa64d80000 - 0x00007ffa64e0d000 	C:\Program Files\JetBrains\PyCharm Edu 2022.2.2\jbr\bin\msvcp140.dll
0x00007ffa50e80000 - 0x00007ffa51ae9000 	C:\Program Files\JetBrains\PyCharm Edu 2022.2.2\jbr\bin\server\jvm.dll
0x00007ffa9f6e0000 - 0x00007ffa9f792000 	C:\WINDOWS\System32\ADVAPI32.dll
0x00007ffa9fe30000 - 0x00007ffa9fed9000 	C:\WINDOWS\System32\sechost.dll
0x00007ffa9e400000 - 0x00007ffa9e428000 	C:\WINDOWS\System32\bcrypt.dll
0x00007ffa9fee0000 - 0x00007ffa9fff4000 	C:\WINDOWS\System32\RPCRT4.dll
0x00007ffa9fc10000 - 0x00007ffa9fc18000 	C:\WINDOWS\System32\PSAPI.DLL
0x00007ffa74820000 - 0x00007ffa74829000 	C:\WINDOWS\SYSTEM32\WSOCK32.dll
0x00007ffa99040000 - 0x00007ffa99074000 	C:\WINDOWS\SYSTEM32\WINMM.dll
0x00007ffa98cf0000 - 0x00007ffa98cfa000 	C:\WINDOWS\SYSTEM32\VERSION.dll
0x00007ffa9e990000 - 0x00007ffa9ea01000 	C:\WINDOWS\System32\WS2_32.dll
0x00007ffa9c9f0000 - 0x00007ffa9ca08000 	C:\WINDOWS\SYSTEM32\kernel.appcore.dll
0x00007ffa989e0000 - 0x00007ffa989ea000 	C:\Program Files\JetBrains\PyCharm Edu 2022.2.2\jbr\bin\jimage.dll
0x00007ffa91740000 - 0x00007ffa91972000 	C:\WINDOWS\SYSTEM32\DBGHELP.DLL
0x00007ffa9f7c0000 - 0x00007ffa9fb48000 	C:\WINDOWS\System32\combase.dll
0x00007ffaa00d0000 - 0x00007ffaa01a7000 	C:\WINDOWS\System32\OLEAUT32.dll
0x00007ffa729e0000 - 0x00007ffa72a12000 	C:\WINDOWS\SYSTEM32\dbgcore.DLL
0x00007ffa9dc50000 - 0x00007ffa9dccb000 	C:\WINDOWS\System32\bcryptPrimitives.dll
0x00007ffa96c70000 - 0x00007ffa96c95000 	C:\Program Files\JetBrains\PyCharm Edu 2022.2.2\jbr\bin\java.dll

dbghelp: loaded successfully - version: 4.0.5 - missing functions: none
symbol engine: initialized successfully - sym options: 0x614 - pdb path: .;C:\Program Files\JetBrains\PyCharm Edu 2022.2.2\jbr\bin;C:\WINDOWS\SYSTEM32;C:\WINDOWS\WinSxS\amd64_microsoft.windows.common-controls_6595b64144ccf1df_6.0.22621.3672_none_2713b9d173822955;C:\Program Files\JetBrains\PyCharm Edu 2022.2.2\jbr\bin\server

VM Arguments:
java_command: git4idea.http.GitAskPassApp Username for 'https://github.com': 
java_class_path (initial): C:/Program Files/JetBrains/PyCharm Edu 2022.2.2/plugins/git4idea/lib/git4idea-rt.jar;C:/Program Files/JetBrains/PyCharm Edu 2022.2.2/lib/externalProcess-rt.jar;C:/Program Files/JetBrains/PyCharm Edu 2022.2.2/lib/app.jar;C:/Program Files/JetBrains/PyCharm Edu 2022.2.2/lib/3rd-party-rt.jar
Launcher Type: SUN_STANDARD

[Global flags]
     intx CICompilerCount                          = 4                                         {product} {ergonomic}
     uint ConcGCThreads                            = 2                                         {product} {ergonomic}
     uint G1ConcRefinementThreads                  = 8                                         {product} {ergonomic}
   size_t G1HeapRegionSize                         = 1048576                                   {product} {ergonomic}
    uintx GCDrainStackTargetSize                   = 64                                        {product} {ergonomic}
   size_t InitialHeapSize                          = 132120576                                 {product} {ergonomic}
   size_t MarkStackSize                            = 4194304                                   {product} {ergonomic}
   size_t MaxHeapSize                              = 2086666240                                {product} {ergonomic}
   size_t MinHeapDeltaBytes                        = 1048576                                   {product} {ergonomic}
   size_t MinHeapSize                              = 8388608                                   {product} {ergonomic}
    uintx NonNMethodCodeHeapSize                   = 5839372                                {pd product} {ergonomic}
    uintx NonProfiledCodeHeapSize                  = 122909434                              {pd product} {ergonomic}
    uintx ProfiledCodeHeapSize                     = 122909434                              {pd product} {ergonomic}
    uintx ReservedCodeCacheSize                    = 251658240                              {pd product} {ergonomic}
     bool SegmentedCodeCache                       = true                                      {product} {ergonomic}
   size_t SoftMaxHeapSize                          = 2086666240                             {manageable} {ergonomic}
     bool UseCompressedClassPointers               = true                           {product lp64_product} {ergonomic}
     bool UseCompressedOops                        = true                           {product lp64_product} {ergonomic}
     bool UseG1GC                                  = true                                      {product} {ergonomic}
     bool UseLargePagesIndividualAllocation        = false                                  {pd product} {ergonomic}

Logging:
Log output configuration:
 #0: stdout all=warning uptime,level,tags
 #1: stderr all=off uptime,level,tags

Environment Variables:
PATH=C:/Program Files/Git/mingw64/libexec/git-core;C:/Program Files/Git/mingw64/libexec/git-core;C:\Program Files\Git\mingw64\bin;C:\Program Files\Git\usr\bin;C:\Users\User\bin;C:\Program Files\Python38\Scripts\;C:\Program Files\Python38\;C:\WINDOWS\system32;C:\WINDOWS;C:\WINDOWS\System32\Wbem;C:\WINDOWS\System32\WindowsPowerShell\v1.0\;C:\WINDOWS\System32\OpenSSH\;C:\Program Files\dotnet\;C:\Program Files\Git\cmd;C:\jq;C:\Program Files\nodejs\;C:\Program Files\nodejs\node_modules;C:\Users\User\AppData\Local\Programs\Python\Python312\Scripts\;C:\Users\User\AppData\Local\Programs\Python\Python312\;C:\Users\User\AppData\Local\Programs\Python\Launcher\;C:\Users\User\AppData\Local\Microsoft\WindowsApps;C:\Users\User\AppData\Roaming\npm
USERNAME=User
DISPLAY=:0.0
LC_ALL=en_US.UTF-8
TERM=xterm-256color
TMPDIR=C:\Users\User\AppData\Local\Temp
OS=Windows_NT
PROCESSOR_IDENTIFIER=Intel64 Family 6 Model 142 Stepping 12, GenuineIntel
TMP=C:\Users\User\AppData\Local\Temp
TEMP=C:\Users\User\AppData\Local\Temp



---------------  S Y S T E M  ---------------

OS:
 Windows 11 , 64 bit Build 22621 (10.0.22621.3672)
OS uptime: 4 days 8:11 hours

CPU: total 8 (initial active 8) (4 cores per cpu, 2 threads per core) family 6 model 142 stepping 12 microcode 0xf8, cx8, cmov, fxsr, ht, mmx, 3dnowpref, sse, sse2, sse3, ssse3, sse4.1, sse4.2, popcnt, lzcnt, tsc, tscinvbit, avx, avx2, aes, erms, clmul, bmi1, bmi2, adx, fma, vzeroupper, clflush, clflushopt

Memory: 4k page, system-wide physical 7952M (1243M free)
TotalPageFile size 10000M (AvailPageFile size 118M)
current process WorkingSet (physical memory assigned to process): 11M, peak: 11M
current process commit charge ("private bytes"): 60M, peak: 186M

vm_info: OpenJDK 64-Bit Server VM (17.0.4.1+7-b469.62) for windows-amd64 JRE (17.0.4.1+7-b469.62), built on 2022-09-22 by "builduser" with MS VC++ 16.10 / 16.11 (VS2019)

END.
