#
# There is insufficient memory for the Java Runtime Environment to continue.
# Native memory allocation (mmap) failed to map 132120576 bytes for G1 virtual space
# Possible reasons:
#   The system is out of physical RAM or swap space
#   The process is running with CompressedOops enabled, and the Java Heap may be blocking the growth of the native heap
# Possible solutions:
#   Reduce memory load on the system
#   Increase physical memory or swap space
#   Check if swap backing store is full
#   Decrease Java heap size (-Xmx/-Xms)
#   Decrease number of Java threads
#   Decrease Java thread stack sizes (-Xss)
#   Set larger code cache with -XX:ReservedCodeCacheSize=
#   JVM is running with Unscaled Compressed Oops mode in which the Java heap is
#     placed in the first 4GB address space. The Java Heap base address is the
#     maximum limit for the native heap growth. Please use -XX:HeapBaseMinAddress
#     to set the Java Heap base and to place the Java Heap above 4GB virtual address.
# This output file may be truncated or incomplete.
#
#  Out of Memory Error (os_windows.cpp:3753), pid=18420, tid=13004
#
# JRE version:  (17.0.4.1+7) (build )
# Java VM: OpenJDK 64-Bit Server VM (17.0.4.1+7-b469.62, mixed mode, sharing, tiered, compressed oops, compressed class ptrs, g1 gc, windows-amd64)
# No core dump will be written. Minidumps are not enabled by default on client versions of Windows
#

---------------  S U M M A R Y ------------

Command Line: git4idea.http.GitAskPassApp Username for 'https://github.com': 

Host: Intel(R) Core(TM) i7-10510U CPU @ 1.80GHz, 8 cores, 7G,  Windows 11 , 64 bit Build 22621 (10.0.22621.3958)
Time: Thu Aug 29 13:07:37 2024 India Standard Time elapsed time: 0.045694 seconds (0d 0h 0m 0s)

---------------  T H R E A D  ---------------

Current thread (0x000001deb8e66180):  JavaThread "Unknown thread" [_thread_in_vm, id=13004, stack(0x0000005420500000,0x0000005420600000)]

Stack: [0x0000005420500000,0x0000005420600000]
Native frames: (J=compiled Java code, j=interpreted, Vv=VM code, C=native code)
V  [jvm.dll+0x68356a]
V  [jvm.dll+0x83fab4]
V  [jvm.dll+0x84125e]
V  [jvm.dll+0x8418c3]
V  [jvm.dll+0x249735]
V  [jvm.dll+0x680439]
V  [jvm.dll+0x674a7a]
V  [jvm.dll+0x30956b]
V  [jvm.dll+0x310a26]
V  [jvm.dll+0x36089e]
V  [jvm.dll+0x360acf]
V  [jvm.dll+0x2df658]
V  [jvm.dll+0x2e05c4]
V  [jvm.dll+0x8112a1]
V  [jvm.dll+0x36e6f1]
V  [jvm.dll+0x7f076c]
V  [jvm.dll+0x3f180f]
V  [jvm.dll+0x3f3351]
C  [jli.dll+0x526b]
C  [ucrtbase.dll+0x29333]
C  [KERNEL32.DLL+0x1257d]
C  [ntdll.dll+0x5af28]


---------------  P R O C E S S  ---------------

Threads class SMR info:
_java_thread_list=0x00007ffd55647f58, length=0, elements={
}

Java Threads: ( => current thread )

Other Threads:
  0x000001deb8ebf430 GCTaskThread "GC Thread#0" [stack: 0x0000005420600000,0x0000005420700000] [id=15892]
  0x000001deb8ecfc30 ConcurrentGCThread "G1 Main Marker" [stack: 0x0000005420700000,0x0000005420800000] [id=15768]
  0x000001deb8ed0de0 ConcurrentGCThread "G1 Conc#0" [stack: 0x0000005420800000,0x0000005420900000] [id=10244]

[error occurred during error reporting (printing all threads), id 0xc0000005, EXCEPTION_ACCESS_VIOLATION (0xc0000005) at pc=0x00007ffd54e00217]

VM state: not at safepoint (not fully initialized)

VM Mutex/Monitor currently owned by a thread:  ([mutex/lock_event])
[0x000001deb8e60650] Heap_lock - owner thread: 0x000001deb8e66180

Heap address: 0x0000000083a00000, size: 1990 MB, Compressed Oops mode: 32-bit

CDS archive(s) mapped at: [0x0000000000000000-0x0000000000000000-0x0000000000000000), size 0, SharedBaseAddress: 0x0000000800000000, ArchiveRelocationMode: 0.
Narrow klass base: 0x0000000000000000, Narrow klass shift: 0, Narrow klass range: 0x0

GC Precious Log:
<Empty>

Heap:
 garbage-first heap   total 0K, used 0K [0x0000000083a00000, 0x0000000100000000)
  region size 1024K, 0 young (0K), 0 survivors (0K)

[error occurred during error reporting (printing heap information), id 0xc0000005, EXCEPTION_ACCESS_VIOLATION (0xc0000005) at pc=0x00007ffd551ed1f9]

GC Heap History (0 events):
No events

Deoptimization events (0 events):
No events

Classes unloaded (0 events):
No events

Classes redefined (0 events):
No events

Internal exceptions (0 events):
No events

VM Operations (0 events):
No events

Events (1 events):
Event: 0.037 Loaded shared library C:\Program Files\JetBrains\PyCharm Edu 2022.2.2\jbr\bin\java.dll


Dynamic libraries:
0x00007ff601da0000 - 0x00007ff601daa000 	C:\Program Files\JetBrains\PyCharm Edu 2022.2.2\jbr\bin\java.exe
0x00007ffdab050000 - 0x00007ffdab267000 	C:\WINDOWS\SYSTEM32\ntdll.dll
0x00007ffda9070000 - 0x00007ffda9134000 	C:\WINDOWS\System32\KERNEL32.DLL
0x00007ffda8740000 - 0x00007ffda8aed000 	C:\WINDOWS\System32\KERNELBASE.dll
0x00007ffda8370000 - 0x00007ffda8481000 	C:\WINDOWS\System32\ucrtbase.dll
0x00007ffd90600000 - 0x00007ffd9061b000 	C:\Program Files\JetBrains\PyCharm Edu 2022.2.2\jbr\bin\VCRUNTIME140.dll
0x00007ffd8eb00000 - 0x00007ffd8eb17000 	C:\Program Files\JetBrains\PyCharm Edu 2022.2.2\jbr\bin\jli.dll
0x00007ffdaad40000 - 0x00007ffdaaeee000 	C:\WINDOWS\System32\USER32.dll
0x00007ffd8afb0000 - 0x00007ffd8b243000 	C:\WINDOWS\WinSxS\amd64_microsoft.windows.common-controls_6595b64144ccf1df_6.0.22621.3672_none_2713b9d173822955\COMCTL32.dll
0x00007ffda8be0000 - 0x00007ffda8c06000 	C:\WINDOWS\System32\win32u.dll
0x00007ffdaa570000 - 0x00007ffdaa617000 	C:\WINDOWS\System32\msvcrt.dll
0x00007ffdaa780000 - 0x00007ffdaa7a9000 	C:\WINDOWS\System32\GDI32.dll
0x00007ffda8620000 - 0x00007ffda8739000 	C:\WINDOWS\System32\gdi32full.dll
0x00007ffda8490000 - 0x00007ffda852a000 	C:\WINDOWS\System32\msvcp_win.dll
0x00007ffdaad00000 - 0x00007ffdaad31000 	C:\WINDOWS\System32\IMM32.DLL
0x00007ffda4490000 - 0x00007ffda449c000 	C:\Program Files\JetBrains\PyCharm Edu 2022.2.2\jbr\bin\vcruntime140_1.dll
0x00007ffd7a2f0000 - 0x00007ffd7a37d000 	C:\Program Files\JetBrains\PyCharm Edu 2022.2.2\jbr\bin\msvcp140.dll
0x00007ffd54b10000 - 0x00007ffd55779000 	C:\Program Files\JetBrains\PyCharm Edu 2022.2.2\jbr\bin\server\jvm.dll
0x00007ffdaaef0000 - 0x00007ffdaafa2000 	C:\WINDOWS\System32\ADVAPI32.dll
0x00007ffdaa7d0000 - 0x00007ffdaa879000 	C:\WINDOWS\System32\sechost.dll
0x00007ffda8af0000 - 0x00007ffda8b18000 	C:\WINDOWS\System32\bcrypt.dll
0x00007ffda8f50000 - 0x00007ffda9064000 	C:\WINDOWS\System32\RPCRT4.dll
0x00007ffda9e20000 - 0x00007ffda9e28000 	C:\WINDOWS\System32\PSAPI.DLL
0x00007ffda3850000 - 0x00007ffda385a000 	C:\WINDOWS\SYSTEM32\VERSION.dll
0x00007ffda38d0000 - 0x00007ffda3904000 	C:\WINDOWS\SYSTEM32\WINMM.dll
0x00007ffd74d10000 - 0x00007ffd74d19000 	C:\WINDOWS\SYSTEM32\WSOCK32.dll
0x00007ffdaa4e0000 - 0x00007ffdaa551000 	C:\WINDOWS\System32\WS2_32.dll
0x00007ffda73a0000 - 0x00007ffda73b8000 	C:\WINDOWS\SYSTEM32\kernel.appcore.dll
0x00007ffd73c50000 - 0x00007ffd73c5a000 	C:\Program Files\JetBrains\PyCharm Edu 2022.2.2\jbr\bin\jimage.dll
0x00007ffda0e10000 - 0x00007ffda1042000 	C:\WINDOWS\SYSTEM32\DBGHELP.DLL
0x00007ffda91c0000 - 0x00007ffda954d000 	C:\WINDOWS\System32\combase.dll
0x00007ffda9e30000 - 0x00007ffda9f07000 	C:\WINDOWS\System32\OLEAUT32.dll
0x00007ffda0dd0000 - 0x00007ffda0e02000 	C:\WINDOWS\SYSTEM32\dbgcore.DLL
0x00007ffda8530000 - 0x00007ffda85ab000 	C:\WINDOWS\System32\bcryptPrimitives.dll
0x00007ffd58b60000 - 0x00007ffd58b85000 	C:\Program Files\JetBrains\PyCharm Edu 2022.2.2\jbr\bin\java.dll

dbghelp: loaded successfully - version: 4.0.5 - missing functions: none
symbol engine: initialized successfully - sym options: 0x614 - pdb path: .;C:\Program Files\JetBrains\PyCharm Edu 2022.2.2\jbr\bin;C:\WINDOWS\SYSTEM32;C:\WINDOWS\WinSxS\amd64_microsoft.windows.common-controls_6595b64144ccf1df_6.0.22621.3672_none_2713b9d173822955;C:\Program Files\JetBrains\PyCharm Edu 2022.2.2\jbr\bin\server

VM Arguments:
java_command: git4idea.http.GitAskPassApp Username for 'https://github.com': 
java_class_path (initial): C:/Program Files/JetBrains/PyCharm Edu 2022.2.2/plugins/git4idea/lib/git4idea-rt.jar;C:/Program Files/JetBrains/PyCharm Edu 2022.2.2/lib/externalProcess-rt.jar;C:/Program Files/JetBrains/PyCharm Edu 2022.2.2/lib/app.jar;C:/Program Files/JetBrains/PyCharm Edu 2022.2.2/lib/3rd-party-rt.jar
Launcher Type: SUN_STANDARD

[Global flags]
     intx CICompilerCount                          = 4                                         {product} {ergonomic}
     uint ConcGCThreads                            = 2                                         {product} {ergonomic}
     uint G1ConcRefinementThreads                  = 8                                         {product} {ergonomic}
   size_t G1HeapRegionSize                         = 1048576                                   {product} {ergonomic}
    uintx GCDrainStackTargetSize                   = 64                                        {product} {ergonomic}
   size_t InitialHeapSize                          = 132120576                                 {product} {ergonomic}
   size_t MarkStackSize                            = 4194304                                   {product} {ergonomic}
   size_t MaxHeapSize                              = 2086666240                                {product} {ergonomic}
   size_t MinHeapDeltaBytes                        = 1048576                                   {product} {ergonomic}
   size_t MinHeapSize                              = 8388608                                   {product} {ergonomic}
    uintx NonNMethodCodeHeapSize                   = 5839372                                {pd product} {ergonomic}
    uintx NonProfiledCodeHeapSize                  = 122909434                              {pd product} {ergonomic}
    uintx ProfiledCodeHeapSize                     = 122909434                              {pd product} {ergonomic}
    uintx ReservedCodeCacheSize                    = 251658240                              {pd product} {ergonomic}
     bool SegmentedCodeCache                       = true                                      {product} {ergonomic}
   size_t SoftMaxHeapSize                          = 2086666240                             {manageable} {ergonomic}
     bool UseCompressedClassPointers               = true                           {product lp64_product} {ergonomic}
     bool UseCompressedOops                        = true                           {product lp64_product} {ergonomic}
     bool UseG1GC                                  = true                                      {product} {ergonomic}
     bool UseLargePagesIndividualAllocation        = false                                  {pd product} {ergonomic}

Logging:
Log output configuration:
 #0: stdout all=warning uptime,level,tags
 #1: stderr all=off uptime,level,tags

Environment Variables:
PATH=C:/Program Files/Git/mingw64/libexec/git-core;C:/Program Files/Git/mingw64/libexec/git-core;C:\Program Files\Git\mingw64\bin;C:\Program Files\Git\usr\bin;C:\Users\User\bin;C:\Program Files\Python38\Scripts\;C:\Program Files\Python38\;C:\WINDOWS\system32;C:\WINDOWS;C:\WINDOWS\System32\Wbem;C:\WINDOWS\System32\WindowsPowerShell\v1.0\;C:\WINDOWS\System32\OpenSSH\;C:\Program Files\dotnet\;C:\Program Files\Git\cmd;C:\jq;C:\Program Files\nodejs\;C:\Program Files\nodejs\node_modules;C:\Users\User\AppData\Local\Programs\Python\Python312\Scripts\;C:\Users\User\AppData\Local\Programs\Python\Python312\;C:\Users\User\AppData\Local\Programs\Python\Launcher\;C:\Users\User\AppData\Local\Microsoft\WindowsApps;C:\Users\User\AppData\Roaming\npm
USERNAME=User
DISPLAY=:0.0
LC_ALL=en_US.UTF-8
TERM=xterm-256color
TMPDIR=C:\Users\User\AppData\Local\Temp
OS=Windows_NT
PROCESSOR_IDENTIFIER=Intel64 Family 6 Model 142 Stepping 12, GenuineIntel
TMP=C:\Users\User\AppData\Local\Temp
TEMP=C:\Users\User\AppData\Local\Temp



---------------  S Y S T E M  ---------------

OS:
 Windows 11 , 64 bit Build 22621 (10.0.22621.3958)
OS uptime: 0 days 14:27 hours

CPU: total 8 (initial active 8) (4 cores per cpu, 2 threads per core) family 6 model 142 stepping 12 microcode 0xf8, cx8, cmov, fxsr, ht, mmx, 3dnowpref, sse, sse2, sse3, ssse3, sse4.1, sse4.2, popcnt, lzcnt, tsc, tscinvbit, avx, avx2, aes, erms, clmul, bmi1, bmi2, adx, fma, vzeroupper, clflush, clflushopt

Memory: 4k page, system-wide physical 7952M (1144M free)
TotalPageFile size 10000M (AvailPageFile size 49M)
current process WorkingSet (physical memory assigned to process): 11M, peak: 11M
current process commit charge ("private bytes"): 60M, peak: 186M

vm_info: OpenJDK 64-Bit Server VM (17.0.4.1+7-b469.62) for windows-amd64 JRE (17.0.4.1+7-b469.62), built on 2022-09-22 by "builduser" with MS VC++ 16.10 / 16.11 (VS2019)

END.
