2024-09-13 13:02:23 [INFO] (selenium_base.py:26) found element with locator: ('xpath', "//span[@class='logSprite icClose']")
2024-09-13 13:02:23 [INFO] (selenium_base.py:26) found element with locator: ('xpath', "//span[text()='Bus']//parent::a")
2024-09-13 13:02:23 [INFO] (selenium_base.py:54) clicking to the element: ('xpath', "//span[text()='Bus']//parent::a")
2024-09-13 13:02:26 [INFO] (selenium_base.py:26) found element with locator: ('xpath', "//input[@placeholder='Enter Source']")
2024-09-13 13:02:26 [INFO] (selenium_base.py:44) Enter value: Mumbai, Maharashtra,  to the element: ('xpath', "//input[@placeholder='Enter Source']")
2024-09-13 13:02:27 [INFO] (selenium_base.py:26) found element with locator: ('xpath', "//span[text()='Mumbai, Maharashtra']")
2024-09-13 13:02:27 [INFO] (selenium_base.py:54) clicking to the element: ('xpath', "//span[text()='Mumbai, Maharashtra']")
2024-09-13 13:02:27 [INFO] (selenium_base.py:26) found element with locator: ('xpath', "//input[@placeholder='Enter Destination']")
2024-09-13 13:02:27 [INFO] (selenium_base.py:44) Enter value: Bangalore, Karnataka,  to the element: ('xpath', "//input[@placeholder='Enter Destination']")
2024-09-13 13:02:28 [INFO] (selenium_base.py:26) found element with locator: ('xpath', "//span[text()='Bangalore, Karnataka']")
2024-09-13 13:02:28 [INFO] (selenium_base.py:54) clicking to the element: ('xpath', "//span[text()='Bangalore, Karnataka']")
2024-09-13 13:02:29 [INFO] (selenium_base.py:26) found element with locator: ('xpath', "//input[@data-testid='openCheckinCalendar']")
2024-09-13 13:02:29 [INFO] (selenium_base.py:54) clicking to the element: ('xpath', "//input[@data-testid='openCheckinCalendar']")
2024-09-13 13:02:29 [INFO] (selenium_base.py:26) found element with locator: ('xpath', "//span[text()='26']//parent::li")
2024-09-13 13:02:29 [INFO] (selenium_base.py:54) clicking to the element: ('xpath', "//span[text()='26']//parent::li")
2024-09-13 13:02:29 [INFO] (selenium_base.py:26) found element with locator: ('xpath', "//button[text()='Search Bus']")
2024-09-13 13:02:29 [INFO] (selenium_base.py:54) clicking to the element: ('xpath', "//button[text()='Search Bus']")
2024-09-13 13:02:30 [INFO] (selenium_base.py:26) found element with locator: ('xpath', "(//p[text()='Ravina Travels (Regd)'])[1]//parent::div//following-sibling::div[2]//button")
2024-09-13 13:02:30 [INFO] (selenium_base.py:54) clicking to the element: ('xpath', "(//p[text()='Ravina Travels (Regd)'])[1]//parent::div//following-sibling::div[2]//button")
2024-09-13 13:02:31 [INFO] (selenium_base.py:26) found element with locator: ('xpath', "//p[text()='Boarding Point']//parent::div//label[contains(@class, 'LocationPoints')][1]")
2024-09-13 13:02:31 [INFO] (selenium_base.py:54) clicking to the element: ('xpath', "//p[text()='Boarding Point']//parent::div//label[contains(@class, 'LocationPoints')][1]")
2024-09-13 13:02:31 [INFO] (selenium_base.py:26) found element with locator: ('xpath', "//p[text()='Dropping Point']//parent::div//label[contains(@class, 'LocationPoints')][1]")
2024-09-13 13:02:31 [INFO] (selenium_base.py:54) clicking to the element: ('xpath', "//p[text()='Dropping Point']//parent::div//label[contains(@class, 'LocationPoints')][1]")
2024-09-13 13:02:31 [INFO] (selenium_base.py:26) found element with locator: ('xpath', "(//span[text()='UPPER']//parent::aside//following-sibling::aside//div[contains(@class, 'SeatWithTooltips')])[1]")
2024-09-13 13:02:31 [INFO] (selenium_base.py:54) clicking to the element: ('xpath', "(//span[text()='UPPER']//parent::aside//following-sibling::aside//div[contains(@class, 'SeatWithTooltips')])[1]")
2024-09-13 13:02:32 [INFO] (selenium_base.py:26) found element with locator: ('xpath', "//button[text()='CONTINUE']")
2024-09-13 13:02:32 [INFO] (selenium_base.py:54) clicking to the element: ('xpath', "//button[text()='CONTINUE']")
2024-09-13 13:02:32 [INFO] (selenium_base.py:26) found element with locator: ('xpath', "//header[text()='Review your Booking']")
